<?xml version="1.0" encoding="utf-8"?>
<test-results date="2015-09-07" time="20:53:49" name="Results" total="2" failures="1" not-run="0" errors="0" inconclusive="0" ignored="0" skipped="0" invalid="0">
  <environment nunit-version="2.6.4" clr-version="4.0.30319.42000" os-version="Microsoft Windows NT 6.2.9200.0" platform="Win32NT" cwd="C:\Users\Mark Gravestock\Documents\Visual Studio 2015\Projects\DaSpec" machine-name="ANDROMEDAXPS" user="Mark Gravestock" user-domain="ANDROMEDAXPS" />
  <culture-info current-culture="en-GB" current-uiculture="en-GB" />
  <test-suite type="Assembly" success="false" name="C:\Users\Mark Gravestock\Documents\Visual Studio 2015\Projects\DaSpec\Example\bin\Debug\Example.dll" time="0.013" executed="true" result="Failure">
    <results>
      <test-suite type="TestSuite" success="false" name="DaSpec.CustomConvention" time="0.013" executed="true" result="Failure">
        <results>
          <test-suite type="TestFixture" name="DaSpec.Example.Steps.HelloWorldSteps" success="false" time="0.013" executed="true" result="Failure">
            <results>
              <test-case name="DaSpec.Example.Steps.HelloWorldSteps.Greeting(&quot;World&quot;, &quot;Hello, World!&quot;)" executed="true" success="true" result="Success" time="0.009" />
              <test-case name="DaSpec.Example.Steps.HelloWorldSteps.Greeting(&quot;Galaxy1&quot;, &quot;Hello, Galaxy!&quot;)" executed="true" success="false" result="Failure" time="0.004">
                <failure>
                  <message><![CDATA[Assert.Equal() Failure
Position: First difference is at position 13
Expected: Hello, Galaxy!
Actual:   Hello, Galaxy1!]]></message>
                  <stack-trace><![CDATA[Assert.Equal() Failure
Position: First difference is at position 13
Expected: Hello, Galaxy!
Actual:   Hello, Galaxy1!
   at DaSpec.Example.Steps.HelloWorldSteps.Greeting(String subject, String expectedGreeting) in C:\Users\Mark Gravestock\Documents\Visual Studio 2015\Projects\DaSpec\Example\Steps\HelloWorldStep.cs:line 15]]></stack-trace>
                </failure>
              </test-case>
            </results>
          </test-suite>
        </results>
      </test-suite>
    </results>
  </test-suite>
</test-results>